#
# There is insufficient memory for the Java Runtime Environment to continue.
# Native memory allocation (mmap) failed to map 132120576 bytes for G1 virtual space
# Possible reasons:
#   The system is out of physical RAM or swap space
#   The process is running with CompressedOops enabled, and the Java Heap may be blocking the growth of the native heap
# Possible solutions:
#   Reduce memory load on the system
#   Increase physical memory or swap space
#   Check if swap backing store is full
#   Decrease Java heap size (-Xmx/-Xms)
#   Decrease number of Java threads
#   Decrease Java thread stack sizes (-Xss)
#   Set larger code cache with -XX:ReservedCodeCacheSize=
#   JVM is running with Unscaled Compressed Oops mode in which the Java heap is
#     placed in the first 4GB address space. The Java Heap base address is the
#     maximum limit for the native heap growth. Please use -XX:HeapBaseMinAddress
#     to set the Java Heap base and to place the Java Heap above 4GB virtual address.
# This output file may be truncated or incomplete.
#
#  Out of Memory Error (os_windows.cpp:3528), pid=16960, tid=25344
#
# JRE version:  (20.0+36) (build )
# Java VM: Java HotSpot(TM) 64-Bit Server VM (20+36-2344, mixed mode, sharing, tiered, compressed oops, compressed class ptrs, g1 gc, windows-amd64)
# No core dump will be written. Minidumps are not enabled by default on client versions of Windows
#

---------------  S U M M A R Y ------------

Command Line: -Dfile.encoding=UTF-8 --module-path=C:\Users\neeli\OneDrive\Documents\NetBeansProjects\cab_booking_system\build\classes cab_booking_system.HomePage

Host: Intel(R) Core(TM) i5-10300H CPU @ 2.50GHz, 8 cores, 7G,  Windows 11 , 64 bit Build 22621 (10.0.22621.1344)
Time: Sat Apr  1 18:13:47 2023 India Standard Time elapsed time: 0.014831 seconds (0d 0h 0m 0s)

---------------  T H R E A D  ---------------

Current thread (0x0000015401c4c370):  JavaThread "Unknown thread" [_thread_in_vm, id=25344, stack(0x000000429d300000,0x000000429d400000)]

Stack: [0x000000429d300000,0x000000429d400000]
Native frames: (J=compiled Java code, j=interpreted, Vv=VM code, C=native code)
V  [jvm.dll+0x6bb95a]
V  [jvm.dll+0x8483aa]
V  [jvm.dll+0x849fa5]
V  [jvm.dll+0x84a6a3]
V  [jvm.dll+0x280b0f]
V  [jvm.dll+0x6b86e9]
V  [jvm.dll+0x6ad2da]
V  [jvm.dll+0x35adf5]
V  [jvm.dll+0x363016]
V  [jvm.dll+0x3b3b3e]
V  [jvm.dll+0x3b3dc5]
V  [jvm.dll+0x32b50a]
V  [jvm.dll+0x32c32b]
V  [jvm.dll+0x81106f]
V  [jvm.dll+0x3c0d91]
V  [jvm.dll+0x7fcd93]
V  [jvm.dll+0x44c76f]
V  [jvm.dll+0x44e0e1]
C  [jli.dll+0x5287]
C  [ucrtbase.dll+0x29363]
C  [KERNEL32.DLL+0x126bd]
C  [ntdll.dll+0x5a9f8]


---------------  P R O C E S S  ---------------

Threads class SMR info:
_java_thread_list=0x00007ff84b47a098, length=0, elements={
}

Java Threads: ( => current thread )

Other Threads:
  0x0000015401ca9610 WorkerThread "GC Thread#0" [stack: 0x000000429d400000,0x000000429d500000] [id=27492]
  0x0000015401cba980 ConcurrentGCThread "G1 Main Marker" [stack: 0x000000429d500000,0x000000429d600000] [id=9460]
  0x0000015401cbc160 WorkerThread "G1 Conc#0" [stack: 0x000000429d600000,0x000000429d700000] [id=26976]

[error occurred during error reporting (printing all threads), id 0xc0000005, EXCEPTION_ACCESS_VIOLATION (0xc0000005) at pc=0x00007ff84ac5eb47]
VM state: not at safepoint (not fully initialized)

VM Mutex/Monitor currently owned by a thread:  ([mutex/lock_event])
[0x0000015401c4b3d0] Heap_lock - owner thread: 0x0000015401c4c370

Heap address: 0x0000000082a00000, size: 2006 MB, Compressed Oops mode: 32-bit

CDS archive(s) mapped at: [0x0000000000000000-0x0000000000000000-0x0000000000000000), size 0, SharedBaseAddress: 0x0000000800000000, ArchiveRelocationMode: 0.
Narrow klass base: 0x0000000000000000, Narrow klass shift: 0, Narrow klass range: 0x0

GC Precious Log:
 CardTable entry size: 512
 Card Set container configuration: InlinePtr #cards 5 size 8 Array Of Cards #cards 12 size 40 Howl #buckets 4 coarsen threshold 1843 Howl Bitmap #cards 512 size 80 coarsen threshold 460 Card regions per heap region 1 cards per card region 2048

Heap:
 garbage-first heap   total 0K, used 0K [0x0000000082a00000, 0x0000000100000000)
  region size 1024K, 0 young (0K), 0 survivors (0K)

[error occurred during error reporting (printing heap information), id 0xc0000005, EXCEPTION_ACCESS_VIOLATION (0xc0000005) at pc=0x00007ff84b033c59]
GC Heap History (0 events):
No events

Dll operation events (1 events):
Event: 0.010 Loaded shared library C:\Program Files\Java\jdk-20\bin\java.dll

Deoptimization events (0 events):
No events

Classes loaded (0 events):
No events

Classes unloaded (0 events):
No events

Classes redefined (0 events):
No events

Internal exceptions (0 events):
No events

VM Operations (0 events):
No events

Events (0 events):
No events


Dynamic libraries:
0x00007ff6e3700000 - 0x00007ff6e3710000 	C:\Program Files\Java\jdk-20\bin\java.exe
0x00007ff8c6a10000 - 0x00007ff8c6c24000 	C:\WINDOWS\SYSTEM32\ntdll.dll
0x00007ff8c60a0000 - 0x00007ff8c6163000 	C:\WINDOWS\System32\KERNEL32.DLL
0x00007ff8c3ef0000 - 0x00007ff8c428c000 	C:\WINDOWS\System32\KERNELBASE.dll
0x00007ff8c43d0000 - 0x00007ff8c44e1000 	C:\WINDOWS\System32\ucrtbase.dll
0x00007ff8677d0000 - 0x00007ff8677eb000 	C:\Program Files\Java\jdk-20\bin\VCRUNTIME140.dll
0x00007ff8bacb0000 - 0x00007ff8bacc9000 	C:\Program Files\Java\jdk-20\bin\jli.dll
0x00007ff8c6560000 - 0x00007ff8c660e000 	C:\WINDOWS\System32\ADVAPI32.dll
0x00007ff8c4f50000 - 0x00007ff8c4ff7000 	C:\WINDOWS\System32\msvcrt.dll
0x00007ff8c62f0000 - 0x00007ff8c6394000 	C:\WINDOWS\System32\sechost.dll
0x00007ff8c5de0000 - 0x00007ff8c5ef5000 	C:\WINDOWS\System32\RPCRT4.dll
0x00007ff8c63a0000 - 0x00007ff8c654d000 	C:\WINDOWS\System32\USER32.dll
0x00007ff8c4610000 - 0x00007ff8c4636000 	C:\WINDOWS\System32\win32u.dll
0x00007ff8af660000 - 0x00007ff8af8ee000 	C:\WINDOWS\WinSxS\amd64_microsoft.windows.common-controls_6595b64144ccf1df_6.0.22621.608_none_a9444ca7c10bb01d\COMCTL32.dll
0x00007ff8c5db0000 - 0x00007ff8c5dd9000 	C:\WINDOWS\System32\GDI32.dll
0x00007ff8c44f0000 - 0x00007ff8c4603000 	C:\WINDOWS\System32\gdi32full.dll
0x00007ff8c3e50000 - 0x00007ff8c3eea000 	C:\WINDOWS\System32\msvcp_win.dll
0x00007ff8be0d0000 - 0x00007ff8be0da000 	C:\WINDOWS\SYSTEM32\VERSION.dll
0x00007ff8c5000000 - 0x00007ff8c5031000 	C:\WINDOWS\System32\IMM32.DLL
0x00007ff8bbe80000 - 0x00007ff8bbe8c000 	C:\Program Files\Java\jdk-20\bin\vcruntime140_1.dll
0x00007ff8515c0000 - 0x00007ff85164e000 	C:\Program Files\Java\jdk-20\bin\msvcp140.dll
0x00007ff84a920000 - 0x00007ff84b5b7000 	C:\Program Files\Java\jdk-20\bin\server\jvm.dll
0x00007ff89d610000 - 0x00007ff89d619000 	C:\WINDOWS\SYSTEM32\WSOCK32.dll
0x00007ff8bd4f0000 - 0x00007ff8bd524000 	C:\WINDOWS\SYSTEM32\WINMM.dll
0x00007ff8c6170000 - 0x00007ff8c61e1000 	C:\WINDOWS\System32\WS2_32.dll
0x00007ff8c2ea0000 - 0x00007ff8c2eb8000 	C:\WINDOWS\SYSTEM32\kernel.appcore.dll
0x00007ff8a82c0000 - 0x00007ff8a82ca000 	C:\Program Files\Java\jdk-20\bin\jimage.dll
0x00007ff8bc520000 - 0x00007ff8bc74e000 	C:\WINDOWS\SYSTEM32\DBGHELP.DLL
0x00007ff8c5a00000 - 0x00007ff8c5d89000 	C:\WINDOWS\System32\combase.dll
0x00007ff8c4dc0000 - 0x00007ff8c4e97000 	C:\WINDOWS\System32\OLEAUT32.dll
0x00007ff8bc0b0000 - 0x00007ff8bc0e2000 	C:\WINDOWS\SYSTEM32\dbgcore.DLL
0x00007ff8c4350000 - 0x00007ff8c43cb000 	C:\WINDOWS\System32\bcryptPrimitives.dll
0x00007ff851910000 - 0x00007ff851936000 	C:\Program Files\Java\jdk-20\bin\java.dll

dbghelp: loaded successfully - version: 4.0.5 - missing functions: none
symbol engine: initialized successfully - sym options: 0x614 - pdb path: .;C:\Program Files\Java\jdk-20\bin;C:\WINDOWS\SYSTEM32;C:\WINDOWS\WinSxS\amd64_microsoft.windows.common-controls_6595b64144ccf1df_6.0.22621.608_none_a9444ca7c10bb01d;C:\Program Files\Java\jdk-20\bin\server

VM Arguments:
jvm_args: -Dfile.encoding=UTF-8 --module-path=C:\Users\neeli\OneDrive\Documents\NetBeansProjects\cab_booking_system\build\classes 
java_command: cab_booking_system.HomePage
java_class_path (initial): C:\Users\neeli\OneDrive\Documents\mysql-connector-j-8.0.32\mysql-connector-j-8.0.32.jar;C:\Users\neeli\OneDrive\Documents\NetBeansProjects\cab_booking_system\build\classes
Launcher Type: SUN_STANDARD

[Global flags]
     intx CICompilerCount                          = 4                                         {product} {ergonomic}
     uint ConcGCThreads                            = 2                                         {product} {ergonomic}
     uint G1ConcRefinementThreads                  = 8                                         {product} {ergonomic}
   size_t G1HeapRegionSize                         = 1048576                                   {product} {ergonomic}
    uintx GCDrainStackTargetSize                   = 64                                        {product} {ergonomic}
   size_t InitialHeapSize                          = 132120576                                 {product} {ergonomic}
   size_t MarkStackSize                            = 4194304                                   {product} {ergonomic}
   size_t MaxHeapSize                              = 2103443456                                {product} {ergonomic}
   size_t MinHeapDeltaBytes                        = 1048576                                   {product} {ergonomic}
   size_t MinHeapSize                              = 8388608                                   {product} {ergonomic}
    uintx NonNMethodCodeHeapSize                   = 5839372                                {pd product} {ergonomic}
    uintx NonProfiledCodeHeapSize                  = 122909434                              {pd product} {ergonomic}
    uintx ProfiledCodeHeapSize                     = 122909434                              {pd product} {ergonomic}
    uintx ReservedCodeCacheSize                    = 251658240                              {pd product} {ergonomic}
     bool SegmentedCodeCache                       = true                                      {product} {ergonomic}
   size_t SoftMaxHeapSize                          = 2103443456                             {manageable} {ergonomic}
     bool UseCompressedClassPointers               = true                           {product lp64_product} {ergonomic}
     bool UseCompressedOops                        = true                           {product lp64_product} {ergonomic}
     bool UseG1GC                                  = true                                      {product} {ergonomic}
     bool UseLargePagesIndividualAllocation        = false                                  {pd product} {ergonomic}

Logging:
Log output configuration:
 #0: stdout all=warning uptime,level,tags foldmultilines=false
 #1: stderr all=off uptime,level,tags foldmultilines=false

Environment Variables:
JAVA_HOME=C:\Program Files\Java\jdk-20
PATH=C:\Program Files\Common Files\Oracle\Java\javapath;C:\oraclexe\app\oracle\product\10.2.0\server\bin;C:\Program Files\Amazon Corretto\jdk11.0.15_9\bin;C:\Windows\system32;C:\Windows;C:\Windows\System32\Wbem;C:\Windows\System32\WindowsPowerShell\v1.0\;C:\Windows\System32\OpenSSH\;C:\Program Files (x86)\NVIDIA Corporation\PhysX\Common;C:\Program Files\NVIDIA Corporation\NVIDIA NvDLISR;C:\WINDOWS\system32;C:\WINDOWS;C:\WINDOWS\System32\Wbem;C:\WINDOWS\System32\WindowsPowerShell\v1.0\;C:\WINDOWS\System32\OpenSSH\;C:\Program Files\SourceGear\Common\DiffMerge\;C:\Program Files\Git\cmd;C:\Program Files\Java\jdk-20\bin;C:\Program Files\Common Files\Oracle\Java\javapath;C:\Program Files\MySQL\MySQL Shell 8.0\bin\;C:\Users\neeli\AppData\Local\Microsoft\WindowsApps;
USERNAME=neeli
OS=Windows_NT
PROCESSOR_IDENTIFIER=Intel64 Family 6 Model 165 Stepping 2, GenuineIntel
TMP=C:\Users\neeli\AppData\Local\Temp
TEMP=C:\Users\neeli\AppData\Local\Temp




---------------  S Y S T E M  ---------------

OS:
 Windows 11 , 64 bit Build 22621 (10.0.22621.1344)
OS uptime: 7 days 4:02 hours

CPU: total 8 (initial active 8) (4 cores per cpu, 2 threads per core) family 6 model 165 stepping 2 microcode 0xe2, cx8, cmov, fxsr, ht, mmx, 3dnowpref, sse, sse2, sse3, ssse3, sse4.1, sse4.2, popcnt, lzcnt, tsc, tscinvbit, avx, avx2, aes, erms, clmul, bmi1, bmi2, adx, fma, vzeroupper, clflush, clflushopt, rdtscp, f16c, pku

Memory: 4k page, system-wide physical 8023M (330M free)
TotalPageFile size 32599M (AvailPageFile size 71M)
current process WorkingSet (physical memory assigned to process): 11M, peak: 11M
current process commit charge ("private bytes"): 60M, peak: 186M

vm_info: Java HotSpot(TM) 64-Bit Server VM (20+36-2344) for windows-amd64 JRE (20+36-2344), built on 2023-02-10T19:30:15Z by "mach5one" with MS VC++ 17.1 (VS2022)

END.
